<?xml version="1.0" encoding="UTF-8"?>
<!-- Generated by org.testng.reporters.JUnitXMLReporter -->
<testsuite ignored="1" hostname="Techlearn" failures="0" tests="1" name="Default test" time="30.892" errors="0" timestamp="2024-10-23T17:36:48 IST">
  <testcase classname="iframesinselenium.HandleIframes" name="frames" time="29.08"/>
  <testcase classname="iframesinselenium.HandleIframes" name="google" time="0.0">
    <ignored/>
  </testcase> <!-- google -->
</testsuite> <!-- Default test -->
