<?xml version="1.0" encoding="UTF-8"?>
<!-- Generated by org.testng.reporters.JUnitXMLReporter -->
<testsuite ignored="0" hostname="Techlearn" failures="4" tests="4" name="Firefox Browser Test Cases" time="1.251" errors="0" timestamp="2024-10-02T17:17:56 IST">
  <testcase classname="testngframework.TestNG_92_CrossBrowserTesting" name="googleSelenium" time="0.005">
    <failure type="java.lang.NullPointerException" message="Cannot invoke &amp;quot;org.openqa.selenium.WebDriver.get(String)&amp;quot; because &amp;quot;this.driver&amp;quot; is null">
      <![CDATA[java.lang.NullPointerException: Cannot invoke "org.openqa.selenium.WebDriver.get(String)" because "this.driver" is null
at testngframework.TestNG_92_CrossBrowserTesting.googleSelenium(TestNG_92_CrossBrowserTesting.java:79)
at java.base/java.util.ArrayList.forEach(ArrayList.java:1596)
... Removed 25 stack frames]]>
    </failure>
  </testcase> <!-- googleSelenium -->
  <testcase classname="testngframework.TestNG_92_CrossBrowserTesting" name="googlesearch" time="0.003">
    <failure type="java.lang.NullPointerException" message="Cannot invoke &amp;quot;org.openqa.selenium.WebDriver.get(String)&amp;quot; because &amp;quot;this.driver&amp;quot; is null">
      <![CDATA[java.lang.NullPointerException: Cannot invoke "org.openqa.selenium.WebDriver.get(String)" because "this.driver" is null
at testngframework.TestNG_92_CrossBrowserTesting.googlesearch(TestNG_92_CrossBrowserTesting.java:67)
at java.base/java.util.ArrayList.forEach(ArrayList.java:1596)
... Removed 25 stack frames]]>
    </failure>
  </testcase> <!-- googlesearch -->
  <testcase classname="testngframework.TestNG_92_CrossBrowserTesting" name="googletechlearn" time="0.005">
    <failure type="java.lang.NullPointerException" message="Cannot invoke &amp;quot;org.openqa.selenium.WebDriver.get(String)&amp;quot; because &amp;quot;this.driver&amp;quot; is null">
      <![CDATA[java.lang.NullPointerException: Cannot invoke "org.openqa.selenium.WebDriver.get(String)" because "this.driver" is null
at testngframework.TestNG_92_CrossBrowserTesting.googletechlearn(TestNG_92_CrossBrowserTesting.java:103)
at java.base/java.util.ArrayList.forEach(ArrayList.java:1596)
... Removed 25 stack frames]]>
    </failure>
  </testcase> <!-- googletechlearn -->
  <testcase classname="testngframework.TestNG_92_CrossBrowserTesting" name="googletest" time="0.003">
    <failure type="java.lang.NullPointerException" message="Cannot invoke &amp;quot;org.openqa.selenium.WebDriver.get(String)&amp;quot; because &amp;quot;this.driver&amp;quot; is null">
      <![CDATA[java.lang.NullPointerException: Cannot invoke "org.openqa.selenium.WebDriver.get(String)" because "this.driver" is null
at testngframework.TestNG_92_CrossBrowserTesting.googletest(TestNG_92_CrossBrowserTesting.java:91)
at java.base/java.util.ArrayList.forEach(ArrayList.java:1596)
... Removed 25 stack frames]]>
    </failure>
  </testcase> <!-- googletest -->
</testsuite> <!-- Firefox Browser Test Cases -->
