<?xml version="1.0" encoding="UTF-8"?>
<!-- Generated by org.testng.reporters.JUnitXMLReporter -->
<testsuite ignored="0" hostname="Techlearn" failures="0" tests="4" name="Firefox Browser Test Cases" time="15.619" errors="0" timestamp="2024-09-24T13:12:59 IST">
  <testcase classname="testngframework.TestNG_92_CrossBrowserTesting" name="googleSelenium" time="4.052"/>
  <testcase classname="testngframework.TestNG_92_CrossBrowserTesting" name="googlesearch" time="2.983"/>
  <testcase classname="testngframework.TestNG_92_CrossBrowserTesting" name="googletechlearn" time="2.731"/>
  <testcase classname="testngframework.TestNG_92_CrossBrowserTesting" name="googletest" time="3.101"/>
</testsuite> <!-- Firefox Browser Test Cases -->
