<?xml version="1.0" encoding="UTF-8"?>
<!-- Generated by org.testng.reporters.JUnitXMLReporter -->
<testsuite ignored="0" hostname="Techlearn" failures="0" tests="4" name="Google Chrome Browser Test Cases" time="26.946" errors="0" timestamp="2024-10-02T17:17:55 IST">
  <testcase classname="testngframework.TestNG_92_CrossBrowserTesting" name="googleSelenium" time="5.113"/>
  <testcase classname="testngframework.TestNG_92_CrossBrowserTesting" name="googlesearch" time="5.549"/>
  <testcase classname="testngframework.TestNG_92_CrossBrowserTesting" name="googletechlearn" time="6.63"/>
  <testcase classname="testngframework.TestNG_92_CrossBrowserTesting" name="googletest" time="4.955"/>
</testsuite> <!-- Google Chrome Browser Test Cases -->
