<?xml version="1.0" encoding="UTF-8"?>
<!-- Generated by org.testng.reporters.JUnitXMLReporter -->
<testsuite ignored="0" hostname="Techlearn" failures="0" tests="4" name="Google Chrome Browser Test Cases" time="17.234" errors="0" timestamp="2024-09-24T13:12:43 IST">
  <testcase classname="testngframework.TestNG_92_CrossBrowserTesting" name="googleSelenium" time="4.966"/>
  <testcase classname="testngframework.TestNG_92_CrossBrowserTesting" name="googlesearch" time="2.741"/>
  <testcase classname="testngframework.TestNG_92_CrossBrowserTesting" name="googletechlearn" time="4.124"/>
  <testcase classname="testngframework.TestNG_92_CrossBrowserTesting" name="googletest" time="4.043"/>
</testsuite> <!-- Google Chrome Browser Test Cases -->
