<?xml version="1.0" encoding="UTF-8"?>
<!-- Generated by org.testng.reporters.JUnitXMLReporter -->
<testsuite ignored="0" hostname="Techlearn" failures="0" tests="4" name="Microsoft Browser Test Cases" time="13.935" errors="0" timestamp="2024-09-24T13:13:13 IST">
  <testcase classname="testngframework.TestNG_92_CrossBrowserTesting" name="googleSelenium" time="3.635"/>
  <testcase classname="testngframework.TestNG_92_CrossBrowserTesting" name="googlesearch" time="2.873"/>
  <testcase classname="testngframework.TestNG_92_CrossBrowserTesting" name="googletechlearn" time="2.756"/>
  <testcase classname="testngframework.TestNG_92_CrossBrowserTesting" name="googletest" time="3.133"/>
</testsuite> <!-- Microsoft Browser Test Cases -->
