<?xml version="1.0" encoding="UTF-8"?>
<!-- Generated by org.testng.reporters.JUnitXMLReporter -->
<testsuite ignored="0" hostname="Techlearn" failures="0" tests="4" name="Microsoft Browser Test Cases" time="29.023" errors="0" timestamp="2024-10-02T17:18:25 IST">
  <testcase classname="testngframework.TestNG_92_CrossBrowserTesting" name="googleSelenium" time="5.469"/>
  <testcase classname="testngframework.TestNG_92_CrossBrowserTesting" name="googlesearch" time="5.777"/>
  <testcase classname="testngframework.TestNG_92_CrossBrowserTesting" name="googletechlearn" time="5.122"/>
  <testcase classname="testngframework.TestNG_92_CrossBrowserTesting" name="googletest" time="4.694"/>
</testsuite> <!-- Microsoft Browser Test Cases -->
