<?xml version="1.0" encoding="UTF-8"?>
<!-- Generated by org.testng.reporters.JUnitXMLReporter -->
<testsuite ignored="5" hostname="Techlearn" failures="0" tests="1" name="Test" time="3.057" errors="0" timestamp="2024-09-25T13:41:06 IST">
  <testcase classname="testngframework.TestNG_7_Run_TestCases_XML_File" name="TestCase3" time="1.056"/>
  <testcase classname="testngframework.TestNG_7_Run_TestCases_XML_File" name="TestCase6" time="0.0">
    <ignored/>
  </testcase> <!-- TestCase6 -->
  <testcase classname="testngframework.TestNG_7_Run_TestCases_XML_File" name="TestCase5" time="0.0">
    <ignored/>
  </testcase> <!-- TestCase5 -->
  <testcase classname="testngframework.TestNG_7_Run_TestCases_XML_File" name="TestCase2" time="0.0">
    <ignored/>
  </testcase> <!-- TestCase2 -->
  <testcase classname="testngframework.TestNG_7_Run_TestCases_XML_File" name="TestCase1" time="0.0">
    <ignored/>
  </testcase> <!-- TestCase1 -->
  <testcase classname="testngframework.TestNG_7_Run_TestCases_XML_File" name="TestCase4" time="0.0">
    <ignored/>
  </testcase> <!-- TestCase4 -->
</testsuite> <!-- Test -->
