<?xml version="1.0" encoding="UTF-8"?>
<testng-results ignored="0" total="1" passed="1" failed="0" skipped="0">
  <reporter-output>
  </reporter-output>
  <suite started-at="2024-09-25T13:41:03 IST" name="Suite" finished-at="2024-09-25T13:41:06 IST" duration-ms="3057">
    <groups>
    </groups>
    <test started-at="2024-09-25T13:41:03 IST" name="Test" finished-at="2024-09-25T13:41:06 IST" duration-ms="3057">
      <class name="testngframework.TestNG_7_Run_TestCases_XML_File">
        <test-method is-config="true" signature="beforeTest()[pri:0, instance:testngframework.TestNG_7_Run_TestCases_XML_File@2609b277]" started-at="2024-09-25T13:41:03 IST" name="beforeTest" finished-at="2024-09-25T13:41:04 IST" duration-ms="1589" status="PASS">
          <reporter-output>
          </reporter-output>
        </test-method> <!-- beforeTest -->
        <test-method signature="TestCase3()[pri:0, instance:testngframework.TestNG_7_Run_TestCases_XML_File@2609b277]" started-at="2024-09-25T13:41:04 IST" name="TestCase3" description="Verify Facebook application" finished-at="2024-09-25T13:41:05 IST" duration-ms="1056" status="PASS">
          <reporter-output>
          </reporter-output>
        </test-method> <!-- TestCase3 -->
        <test-method is-config="true" signature="afterTest()[pri:0, instance:testngframework.TestNG_7_Run_TestCases_XML_File@2609b277]" started-at="2024-09-25T13:41:05 IST" name="afterTest" finished-at="2024-09-25T13:41:06 IST" duration-ms="367" status="PASS">
          <reporter-output>
          </reporter-output>
        </test-method> <!-- afterTest -->
      </class> <!-- testngframework.TestNG_7_Run_TestCases_XML_File -->
    </test> <!-- Test -->
  </suite> <!-- Suite -->
</testng-results>
