<?xml version="1.0" encoding="UTF-8"?>
<testng-results ignored="0" total="1" passed="1" failed="0" skipped="0">
  <reporter-output>
  </reporter-output>
  <suite started-at="2024-10-23T17:36:17 IST" name="Default suite" finished-at="2024-10-23T17:36:47 IST" duration-ms="30892">
    <groups>
    </groups>
    <test started-at="2024-10-23T17:36:17 IST" name="Default test" finished-at="2024-10-23T17:36:47 IST" duration-ms="30892">
      <class name="iframesinselenium.HandleIframes">
        <test-method is-config="true" signature="beforeTest()[pri:0, instance:iframesinselenium.HandleIframes@4b7dc788]" started-at="2024-10-23T17:36:17 IST" name="beforeTest" finished-at="2024-10-23T17:36:18 IST" duration-ms="1757" status="PASS">
          <reporter-output>
          </reporter-output>
        </test-method> <!-- beforeTest -->
        <test-method signature="frames()[pri:0, instance:iframesinselenium.HandleIframes@4b7dc788]" started-at="2024-10-23T17:36:18 IST" name="frames" finished-at="2024-10-23T17:36:47 IST" duration-ms="29080" status="PASS">
          <reporter-output>
          </reporter-output>
        </test-method> <!-- frames -->
      </class> <!-- iframesinselenium.HandleIframes -->
    </test> <!-- Default test -->
  </suite> <!-- Default suite -->
</testng-results>
